<?xml version="1.0" encoding="UTF-8"?>
<!-- Generated by org.testng.reporters.JUnitXMLReporter -->
<testsuite ignored="2" hostname="DESKTOP-15RQ365" failures="0" tests="1" name="Default test" time="64.457" errors="0" timestamp="06 Jan 2023 00:31:08 GMT">
  <testcase classname="com.amazon.test.ShoppingCartTest" name="endToEndFlow" time="52.987"/>
  <testcase classname="com.amazon.test.ShoppingCartTest" name="verifyingProductInfo" time="0.0">
    <ignored/>
  </testcase> <!-- verifyingProductInfo -->
  <testcase classname="com.amazon.test.ShoppingCartTest" name="verifyingTotalPriceInCart" time="0.0">
    <ignored/>
  </testcase> <!-- verifyingTotalPriceInCart -->
</testsuite> <!-- Default test -->
