<?xml version="1.0" encoding="UTF-8"?>
<!-- Generated by org.testng.reporters.JUnitXMLReporter -->
<testsuite ignored="0" hostname="DESKTOP-15RQ365" failures="2" tests="8" name="Test" time="228.917" errors="0" timestamp="2023-01-08T20:06:12 GMT-08:00">
  <testcase classname="com.amazon.test.SearchTest" name="ifItemsAreUniqueOrNot" time="27.935">
    <failure type="java.lang.AssertionError" message="expected [true] but found [false]">
      <![CDATA[java.lang.AssertionError: expected [true] but found [false]
at com.amazon.test.SearchTest.ifItemsAreUniqueOrNot(SearchTest.java:84)
at java.base/java.util.ArrayList.forEach(ArrayList.java:1511)
... Removed 31 stack frames]]>
    </failure>
  </testcase> <!-- ifItemsAreUniqueOrNot -->
  <testcase classname="com.amazon.test.SearchTest" name="nextPageFunctionality" time="15.136"/>
  <testcase classname="com.amazon.test.SearchTest" name="noOfProductsPerPage" time="15.534"/>
  <testcase classname="com.amazon.test.SearchTest" name="searchByAsinTest" time="24.039"/>
  <testcase classname="com.amazon.test.SearchTest" name="searchByCatagory" time="17.581"/>
  <testcase classname="com.amazon.test.SearchTest" name="searchByKeyword" time="14.815">
    <failure type="java.lang.AssertionError" message="expected [true] but found [false]">
      <![CDATA[java.lang.AssertionError: expected [true] but found [false]
at com.amazon.test.SearchTest.searchByKeyword(SearchTest.java:53)
at java.base/java.util.ArrayList.forEach(ArrayList.java:1511)
... Removed 31 stack frames]]>
    </failure>
  </testcase> <!-- searchByKeyword -->
  <testcase classname="com.amazon.test.SearchTest" name="searchByPartialText" time="10.023"/>
  <testcase classname="com.amazon.test.SearchTest" name="searchDescriptionText" time="25.296"/>
</testsuite> <!-- Test -->
