<?xml version="1.0" encoding="UTF-8"?>
<testng-results ignored="4" total="6" passed="2" failed="0" skipped="0">
  <reporter-output>
  </reporter-output>
  <suite started-at="2022-12-28T04:45:30Z" name="Default suite" finished-at="2022-12-28T04:46:16Z" duration-ms="45764">
    <groups>
    </groups>
    <test started-at="2022-12-28T04:45:30Z" name="Default test" finished-at="2022-12-28T04:46:16Z" duration-ms="45764">
      <class name="com.amazon.test.YouOrderTest">
        <test-method is-config="true" signature="setUp()[pri:0, instance:com.amazon.test.YouOrderTest@4f3bbf68]" started-at="2022-12-28T04:45:30Z" name="setUp" finished-at="2022-12-28T04:45:50Z" duration-ms="20514" status="PASS">
          <reporter-output>
          </reporter-output>
        </test-method> <!-- setUp -->
        <test-method signature="cancelOrderNoTest()[pri:0, instance:com.amazon.test.YouOrderTest@4f3bbf68]" started-at="2022-12-28T04:45:50Z" name="cancelOrderNoTest" finished-at="2022-12-28T04:45:53Z" duration-ms="2532" status="PASS">
          <reporter-output>
          </reporter-output>
        </test-method> <!-- cancelOrderNoTest -->
        <test-method is-config="true" signature="tearDown()[pri:0, instance:com.amazon.test.YouOrderTest@4f3bbf68]" started-at="2022-12-28T04:45:53Z" name="tearDown" finished-at="2022-12-28T04:45:54Z" duration-ms="793" status="PASS">
          <reporter-output>
          </reporter-output>
        </test-method> <!-- tearDown -->
        <test-method is-config="true" signature="setUp()[pri:0, instance:com.amazon.test.YouOrderTest@4f3bbf68]" started-at="2022-12-28T04:45:54Z" name="setUp" finished-at="2022-12-28T04:46:12Z" duration-ms="18312" status="PASS">
          <reporter-output>
          </reporter-output>
        </test-method> <!-- setUp -->
        <test-method signature="cancelOrderTextTest()[pri:0, instance:com.amazon.test.YouOrderTest@4f3bbf68]" started-at="2022-12-28T04:46:12Z" name="cancelOrderTextTest" finished-at="2022-12-28T04:46:15Z" duration-ms="2909" status="PASS">
          <reporter-output>
          </reporter-output>
        </test-method> <!-- cancelOrderTextTest -->
        <test-method is-config="true" signature="tearDown()[pri:0, instance:com.amazon.test.YouOrderTest@4f3bbf68]" started-at="2022-12-28T04:46:15Z" name="tearDown" finished-at="2022-12-28T04:46:16Z" duration-ms="657" status="PASS">
          <reporter-output>
          </reporter-output>
        </test-method> <!-- tearDown -->
      </class> <!-- com.amazon.test.YouOrderTest -->
    </test> <!-- Default test -->
  </suite> <!-- Default suite -->
</testng-results>
